Build started 3/20/2013 12:59:35 AM.
     1>Project "C:\Users\chinmaygarg\documents\visual studio 2012\Projects\Binary Search Tree\Binary Search Tree\Binary Search Tree.vcxproj" on node 2 (Build target(s)).
     1>ClCompile:
         C:\Program Files (x86)\Microsoft Visual Studio 11.0\VC\bin\CL.exe /c /ZI /nologo /W3 /WX- /Od /Oy- /D WIN32 /D _DEBUG /D _CONSOLE /D _UNICODE /D UNICODE /Gm /EHsc /RTC1 /MDd /GS /fp:precise /Zc:wchar_t /Zc:forScope /Fo"Debug\\" /Fd"Debug\vc110.pdb" /Gd /TP /analyze- /errorReport:prompt main.cpp
         main.cpp
     1>c:\users\chinmaygarg\documents\visual studio 2012\projects\binary search tree\binary search tree\treenode.h(55): error C2678: binary '==' : no operator found which takes a left-hand operand of type 'std::string' (or there is no acceptable conversion)
                 c:\program files (x86)\microsoft visual studio 11.0\vc\include\exception(507): could be 'bool std::operator ==(const std::exception_ptr &,const std::exception_ptr &)'
                 c:\program files (x86)\microsoft visual studio 11.0\vc\include\exception(512): or       'bool std::operator ==(std::nullptr_t,const std::exception_ptr &)'
                 c:\program files (x86)\microsoft visual studio 11.0\vc\include\exception(517): or       'bool std::operator ==(const std::exception_ptr &,std::nullptr_t)'
                 c:\program files (x86)\microsoft visual studio 11.0\vc\include\system_error(426): or       'bool std::operator ==(const std::error_code &,const std::error_condition &) throw()'
                 c:\program files (x86)\microsoft visual studio 11.0\vc\include\system_error(434): or       'bool std::operator ==(const std::error_condition &,const std::error_code &) throw()'
                 while trying to match the argument list '(std::string, char)'
                 c:\users\chinmaygarg\documents\visual studio 2012\projects\binary search tree\binary search tree\main.cpp(26) : see reference to function template instantiation 'void Transversal<std::string>(TreeNode<DATA_TYPE> *)' being compiled
                 with
                 [
                     DATA_TYPE=std::string
                 ]
     1>Done Building Project "C:\Users\chinmaygarg\documents\visual studio 2012\Projects\Binary Search Tree\Binary Search Tree\Binary Search Tree.vcxproj" (Build target(s)) -- FAILED.

Build FAILED.

Time Elapsed 00:00:00.82
